Arguments: 
  /Users/n.vinayakan/.nvm/versions/node/v10.5.0/bin/node /Users/n.vinayakan/.nvm/versions/node/v10.5.0/bin/yarn add @types/es2015 --dev

PATH: 
  ./Library/Python/3.6/bin/:/usr/local/Cellar/php/7.2.6/bin:/Users/n.vinayakan/.nvm/versions/node/v10.5.0/bin:/opt/local/bin:/usr/local/bin:/usr/bin:/bin:/usr/sbin:/sbin:/Users/n.vinayakan/lab/01-tools/bin:/Applications/Wine Staging.app/Contents/Resources/wine/bin:/Users/n.vinayakan/workspace/wasm_spec/interpreter:/Users/n.vinayakan/workspace/binaryen/bin:/Users/n.vinayakan/emsdk_portable:/Users/n.vinayakan/emsdk_portable/clang/e1.35.0_64bit:/Users/n.vinayakan/emsdk_portable/node/4.1.1_64bit/bin:/Users/n.vinayakan/emsdk_portable/emscripten/1.35.0:/usr/local/go/bin:/Users/n.vinayakan/workspace/wabt/out:/Users/n.vinayakan/workspace/binaryen/bin:/Users/n.vinayakan/tools/b2g-toolchain-prebuilt/toolchain-4.4.3/x86_64-apple-darwin/bin:/Users/n.vinayakan/tools/SPIRV-Tools/bin:/Users/n.vinayakan/tools/glslang/bin:/Users/n.vinayakan/workspace/electron/out/R/:/Applications/Postgres.app/Contents/Versions/9.6/bin:/Users/n.vinayakan/workspace/depot_tools

Yarn version: 
  1.7.0

Node version: 
  10.5.0

Platform: 
  darwin x64

Trace: 
  Error: https://registry.yarnpkg.com/@types%2fes2015: Not found
      at Request.params.callback [as _callback] (/Users/n.vinayakan/.nvm/versions/node/v10.5.0/lib/node_modules/yarn/lib/cli.js:65656:18)
      at Request.self.callback (/Users/n.vinayakan/.nvm/versions/node/v10.5.0/lib/node_modules/yarn/lib/cli.js:134675:22)
      at Request.emit (events.js:182:13)
      at Request.<anonymous> (/Users/n.vinayakan/.nvm/versions/node/v10.5.0/lib/node_modules/yarn/lib/cli.js:135658:10)
      at Request.emit (events.js:182:13)
      at IncomingMessage.<anonymous> (/Users/n.vinayakan/.nvm/versions/node/v10.5.0/lib/node_modules/yarn/lib/cli.js:135578:12)
      at Object.onceWrapper (events.js:273:13)
      at IncomingMessage.emit (events.js:187:15)
      at endReadableNT (_stream_readable.js:1081:12)
      at process._tickCallback (internal/process/next_tick.js:63:19)

npm manifest: 
  {
    "name": "@assemblyscript/path-tracer-example",
    "version": "1.0.0",
    "author": {
      "name": "Nidin Vinayakan",
      "email": "01@01alchemist.com",
      "url": "https://dump.01alchemist.com"
    },
    "private": true,
    "scripts": {
      "asbuild:untouched": "asc assembly/index.ts -b build/untouched.wasm -t build/untouched.wat --sourceMap --importMemory --sharedMemory --validate",
      "asbuild:optimized": "asc assembly/index.ts -b build/optimized.wasm -t build/optimized.wat -O3 --importMemory --sharedMemory --validate --noDebug --noAssert",
      "asbuild:asmjs": "asc assembly/index.ts -a build/index.asm.js -O3 --importMemory --sharedMemory --validate --noDebug --noAssert",
      "asbuild": "npm run asbuild:untouched && npm run asbuild:optimized && npm run asbuild:asmjs",
      "tsbuild": "tsc -p assembly -t ES2017 -m commonjs --outDir build",
      "build": "npm run asbuild && npm run tsbuild",
      "watch": "nodemon --exec 'npm run asbuild:optimized' ./assembly/index.ts",
      "server": "http-server . -o -c-1",
      "test": "node tests"
    },
    "devDependencies": {
      "@types/webassembly-js-api": "^0.0.1"
    }
  }

yarn manifest: 
  No manifest

Lockfile: 
  # THIS IS AN AUTOGENERATED FILE. DO NOT EDIT THIS FILE DIRECTLY.
  # yarn lockfile v1
  
  
  "@types/webassembly-js-api@^0.0.1":
    version "0.0.1"
    resolved "https://registry.yarnpkg.com/@types/webassembly-js-api/-/webassembly-js-api-0.0.1.tgz#62d50b201077d7d4cc109bb1cada22fdfd4523fb"
